2025-12-29T17:59:00Z INFO Quick pick test: very recent
2025-12-29T17:50:00Z INFO Quick pick test: last hour
2025-12-29T17:20:30Z INFO Starting VoiceItems service
2025-12-29 16:35:12 User login: alice
2025-12-29T16:05:00+00:00 DEBUG Heartbeat: ok
2025-12-29 15:10:23 ERROR Failed to load plugin 'cursorless'
2025-12-29T14:00:00Z INFO Scheduled job 'index' started
2025-12-29 08:45:00 WARN Disk usage at 82%
2025-12-29 00:00:00 INFO Midnight marker
2025-12-28T23:59:59Z INFO Nightly cleanup completed
2025-12-28T10:20:30Z INFO User logout: carol
2025-12-28 09:15:10 DEBUG Health check: ok
2025-12-27 12:00:00 INFO CI pipeline triggered
2025-12-26T20:45:00Z INFO Scheduled deploy completed
2025-12-25 13:00:00 INFO Christmas patch applied
2025-12-24T22:00:00Z WARN Disk usage spike detected
2025-12-23 19:25:00 ERROR DB connection reset
2025-12-22 09:30:00 INFO User signup: bob
2025-12-21T08:05:00Z DEBUG Cache warmup
2025-12-20 18:40:00 ERROR Timeout while calling service
2025-12-19 11:30:00 INFO Background job processed 120 items
2025-12-17T16:10:05Z INFO Email delivery succeeded
2025-12-16 07:50:00 WARN High memory usage
2025-12-15T07:05:10Z WARN Slow response from API
2025-12-14 10:10:10 INFO User password reset requested
2025-12-12T05:00:00Z INFO Daily summary generated
2025-12-10 21:45:00 ERROR Failed to reach upstream service
2025-12-08T03:12:00Z INFO Log rotation completed
2025-12-05 14:20:00 INFO Deployment scheduled
2025-12-03T09:09:09Z DEBUG Session cleanup
2025-12-01 00:00:00 INFO Month boundary marker
2025-11-29 11:00:00 INFO Backup completed
2025-11-25 22:05:05 INFO Retention policy applied
2025-11-20T18:30:00Z INFO Weekly reporting job finished
2025-11-17 07:45:00 WARN Slow database queries
2025-11-14T12:00:00Z INFO New user created: dana
2025-11-11 11:11:11 INFO Remediation run completed
2025-11-08T02:10:00Z DEBUG CI runner heartbeat
2025-11-04 23:59:59 INFO Security patch applied
2025-11-01T00:00:00Z INFO Month boundary marker
2025-10-31 23:59:59 INFO Halloween cron job
2025-10-28T20:20:20Z INFO Data export finished
2025-10-25 16:40:00 WARN Partial outage detected
2025-10-22T08:00:00Z INFO Daily index rebuild
2025-10-19 03:30:00 ERROR Failed to refresh cache
2025-10-16T13:45:30Z INFO API latency back to normal
2025-10-13 09:00:00 INFO New integration test run
2025-10-10T00:00:00Z INFO Release tagging completed
2025-10-07 21:15:00 INFO Transactional job processed
2025-10-04T06:06:06Z DEBUG Scheduler ping
2025-10-01T00:00:00Z INFO Monthly maintenance routine
2025-09-28 22:00:00 INFO Pre-month healthcheck
2025-09-15T12:00:00Z INFO Mid-September event
2025-08-01 01:10:00 INFO Summer housekeeping
2024-12-30 01:15:00 INFO Year-end archived logs moved
2023-06-15T13:00:00Z DEBUG Historical event recorded
2022-01-01T00:00:00Z INFO Bootstrap completed
